INFO 2025-11-27 17:46:28,594 autoreload 12344 139747362709248 Watching for file changes with StatReloader
INFO 2025-11-27 17:51:31,679 autoreload 12635 140211279408896 Watching for file changes with StatReloader
WARNING 2025-11-27 17:51:33,475 log 12635 140210876708544 Not Found: /
WARNING 2025-11-27 17:51:33,515 log 12635 140210876708544 Not Found: /favicon.ico
INFO 2025-11-27 17:52:26,102 autoreload 12635 140211279408896 /home/malek/projects/TourGuideDZ/server/tours/serializers.py changed, reloading.
INFO 2025-11-27 17:52:26,620 autoreload 12759 140414839729920 Watching for file changes with StatReloader
INFO 2025-11-27 18:08:41,752 autoreload 12759 140414839729920 /home/malek/projects/TourGuideDZ/server/server/urls.py changed, reloading.
INFO 2025-11-27 18:08:42,327 autoreload 14202 140371759849216 Watching for file changes with StatReloader
INFO 2025-11-27 18:08:43,627 autoreload 14202 140371759849216 /home/malek/projects/TourGuideDZ/server/server/urls.py changed, reloading.
INFO 2025-11-27 18:08:43,988 autoreload 14212 140028940738304 Watching for file changes with StatReloader
INFO 2025-11-27 18:08:46,270 autoreload 14212 140028940738304 /home/malek/projects/TourGuideDZ/server/server/urls.py changed, reloading.
INFO 2025-11-27 18:08:46,715 autoreload 14221 140362106474240 Watching for file changes with StatReloader
WARNING 2025-11-27 18:17:53,931 log 14221 140361611605696 Not Found: /favicon.ico
WARNING 2025-11-27 18:37:53,194 log 14221 140361694439104 Not Found: /register/
WARNING 2025-11-27 18:37:55,122 log 14221 140361694439104 Not Found: /register/
WARNING 2025-11-27 18:39:45,908 log 14221 140361594820288 Not Found: /v1/auth/register/
INFO 2025-11-27 18:41:01,461 autoreload 14221 140362106474240 /home/malek/projects/TourGuideDZ/server/server/urls.py changed, reloading.
INFO 2025-11-27 18:41:01,975 autoreload 15023 140680576507648 Watching for file changes with StatReloader
INFO 2025-11-27 19:07:30,389 autoreload 15023 140680576507648 /home/malek/projects/TourGuideDZ/server/locations/models.py changed, reloading.
INFO 2025-11-27 19:07:30,783 autoreload 15605 139747049467648 Watching for file changes with StatReloader
INFO 2025-11-27 19:17:21,473 autoreload 15605 139747049467648 /home/malek/projects/TourGuideDZ/server/profiles/models.py changed, reloading.
INFO 2025-11-27 19:17:21,906 autoreload 15795 139940250029824 Watching for file changes with StatReloader
INFO 2025-11-27 19:17:36,517 autoreload 15795 139940250029824 /home/malek/projects/TourGuideDZ/server/profiles/models.py changed, reloading.
INFO 2025-11-27 19:17:36,998 autoreload 15828 140204875357952 Watching for file changes with StatReloader
INFO 2025-11-27 19:18:11,962 autoreload 15828 140204875357952 /home/malek/projects/TourGuideDZ/server/profiles/models.py changed, reloading.
INFO 2025-11-27 19:18:12,445 autoreload 15865 139921767677696 Watching for file changes with StatReloader
INFO 2025-11-27 19:30:06,365 autoreload 15865 139921767677696 /home/malek/projects/TourGuideDZ/server/profiles/models.py changed, reloading.
INFO 2025-11-27 19:30:06,982 autoreload 16459 139757363351296 Watching for file changes with StatReloader
INFO 2025-11-27 19:30:42,840 autoreload 16459 139757363351296 /home/malek/projects/TourGuideDZ/server/profiles/serializers.py changed, reloading.
INFO 2025-11-27 19:30:43,435 autoreload 16523 140418867855104 Watching for file changes with StatReloader
INFO 2025-11-27 19:32:53,414 autoreload 17071 139744600809216 Watching for file changes with StatReloader
INFO 2025-11-27 19:33:33,440 autoreload 17071 139744600809216 /home/malek/projects/TourGuideDZ/server/profiles/models.py changed, reloading.
INFO 2025-11-27 19:33:34,025 autoreload 17133 140392447930112 Watching for file changes with StatReloader
INFO 2025-11-27 19:47:54,678 autoreload 17133 140392447930112 /home/malek/projects/TourGuideDZ/server/tours/models.py changed, reloading.
INFO 2025-11-27 19:47:55,271 autoreload 17788 139930676473600 Watching for file changes with StatReloader
INFO 2025-11-27 19:47:57,569 autoreload 17788 139930676473600 /home/malek/projects/TourGuideDZ/server/tours/models.py changed, reloading.
INFO 2025-11-27 19:47:57,940 autoreload 17806 140138871590656 Watching for file changes with StatReloader
INFO 2025-11-27 19:54:31,070 autoreload 17806 140138871590656 /home/malek/projects/TourGuideDZ/server/tours/models.py changed, reloading.
INFO 2025-11-27 19:54:31,670 autoreload 18231 139705943285504 Watching for file changes with StatReloader
INFO 2025-11-27 19:54:43,147 autoreload 18231 139705943285504 /home/malek/projects/TourGuideDZ/server/tours/models.py changed, reloading.
INFO 2025-11-27 19:54:43,618 autoreload 18269 139726675824384 Watching for file changes with StatReloader
INFO 2025-11-27 19:56:10,083 autoreload 18269 139726675824384 /home/malek/projects/TourGuideDZ/server/tours/views.py changed, reloading.
INFO 2025-11-27 19:56:10,493 autoreload 18330 140129975299840 Watching for file changes with StatReloader
INFO 2025-11-27 19:56:25,983 autoreload 18330 140129975299840 /home/malek/projects/TourGuideDZ/server/tours/views.py changed, reloading.
INFO 2025-11-27 19:56:26,360 autoreload 18444 139787795496704 Watching for file changes with StatReloader
INFO 2025-11-27 19:56:43,854 autoreload 18444 139787795496704 /home/malek/projects/TourGuideDZ/server/tours/urls.py changed, reloading.
INFO 2025-11-27 19:56:44,224 autoreload 18485 140486526267136 Watching for file changes with StatReloader
INFO 2025-11-27 20:00:35,328 autoreload 18752 140242300403456 Watching for file changes with StatReloader
INFO 2025-11-27 20:03:44,572 autoreload 18752 140242300403456 /home/malek/projects/TourGuideDZ/server/tours/urls.py changed, reloading.
INFO 2025-11-27 20:03:45,075 autoreload 19079 140266791608064 Watching for file changes with StatReloader
INFO 2025-11-27 20:12:02,619 autoreload 19079 140266791608064 /home/malek/projects/TourGuideDZ/server/bookings/models.py changed, reloading.
INFO 2025-11-27 20:12:03,212 autoreload 19495 140526307593984 Watching for file changes with StatReloader
INFO 2025-11-27 21:13:44,852 autoreload 21056 140529169788672 Watching for file changes with StatReloader
WARNING 2025-11-27 21:16:52,159 log 21056 140528763008704 Not Found: /v1/health/abd
ERROR 2025-11-27 21:19:12,354 exceptions 21056 140528754616000 API Error: 400 - {'username': [ErrorDetail(string='A user with that username already exists.', code='unique')], 'email': [ErrorDetail(string='User with this email already exists.', code='invalid')]}
WARNING 2025-11-27 21:19:12,355 log 21056 140528754616000 Bad Request: /v1/auth/register/
ERROR 2025-11-27 21:19:34,906 exceptions 21056 140528754616000 API Error: 400 - {'username': [ErrorDetail(string='A user with that username already exists.', code='unique')]}
WARNING 2025-11-27 21:19:34,907 log 21056 140528754616000 Bad Request: /v1/auth/register/
ERROR 2025-11-27 21:20:56,458 exceptions 21056 140528645568192 API Error: 400 - {'username': [ErrorDetail(string='A user with that username already exists.', code='unique')], 'email': [ErrorDetail(string='User with this email already exists.', code='invalid')]}
WARNING 2025-11-27 21:20:56,459 log 21056 140528645568192 Bad Request: /v1/auth/register/
INFO 2025-11-27 21:29:40,412 autoreload 21056 140529169788672 /home/malek/projects/TourGuideDZ/server/server/settings.py changed, reloading.
INFO 2025-11-27 21:29:41,144 autoreload 21648 140302342074112 Watching for file changes with StatReloader
INFO 2025-11-27 21:29:49,916 autoreload 21648 140302342074112 /home/malek/projects/TourGuideDZ/server/server/settings.py changed, reloading.
INFO 2025-11-27 22:23:25,061 autoreload 26059 140259063549696 Watching for file changes with StatReloader
INFO 2025-11-27 22:57:14,592 autoreload 26420 140485296013056 Watching for file changes with StatReloader
INFO 2025-11-29 18:01:46,260 autoreload 11059 140610302852864 Watching for file changes with StatReloader
WARNING 2025-11-29 18:01:48,399 log 11059 140609896576704 Not Found: /
INFO 2025-11-29 18:26:39,603 autoreload 13379 140160839384832 Watching for file changes with StatReloader
ERROR 2025-11-29 18:28:31,253 log 13379 140160419231424 Internal Server Error: /admin/bookings/booking/
Traceback (most recent call last):
  File "/home/malek/projects/TourGuideDZ/.venv/lib64/python3.13/site-packages/django/db/models/options.py", line 681, in get_field
    return self.fields_map[field_name]
           ~~~~~~~~~~~~~~~^^^^^^^^^^^^
KeyError: 'is_verified'

During handling of the above exception, another exception occurred:

Traceback (most recent call last):
  File "/home/malek/projects/TourGuideDZ/.venv/lib64/python3.13/site-packages/django/core/handlers/exception.py", line 55, in inner
    response = get_response(request)
  File "/home/malek/projects/TourGuideDZ/.venv/lib64/python3.13/site-packages/django/core/handlers/base.py", line 197, in _get_response
    response = wrapped_callback(request, *callback_args, **callback_kwargs)
  File "/home/malek/projects/TourGuideDZ/.venv/lib64/python3.13/site-packages/django/contrib/admin/options.py", line 688, in wrapper
    return self.admin_site.admin_view(view)(*args, **kwargs)
           ~~~~~~~~~~~~~~~~~~~~~~~~~~~~~~~~^^^^^^^^^^^^^^^^^
  File "/home/malek/projects/TourGuideDZ/.venv/lib64/python3.13/site-packages/django/utils/decorators.py", line 134, in _wrapper_view
    response = view_func(request, *args, **kwargs)
  File "/home/malek/projects/TourGuideDZ/.venv/lib64/python3.13/site-packages/django/views/decorators/cache.py", line 62, in _wrapper_view_func
    response = view_func(request, *args, **kwargs)
  File "/home/malek/projects/TourGuideDZ/.venv/lib64/python3.13/site-packages/django/contrib/admin/sites.py", line 242, in inner
    return view(request, *args, **kwargs)
  File "/home/malek/projects/TourGuideDZ/server/bookings/admin.py", line 108, in changelist_view
    return super().changelist_view(request, extra_context)
           ~~~~~~~~~~~~~~~~~~~~~~~^^^^^^^^^^^^^^^^^^^^^^^^
  File "/home/malek/projects/TourGuideDZ/.venv/lib64/python3.13/site-packages/django/utils/decorators.py", line 46, in _wrapper
    return bound_method(*args, **kwargs)
  File "/home/malek/projects/TourGuideDZ/.venv/lib64/python3.13/site-packages/django/utils/decorators.py", line 134, in _wrapper_view
    response = view_func(request, *args, **kwargs)
  File "/home/malek/projects/TourGuideDZ/.venv/lib64/python3.13/site-packages/django/contrib/admin/options.py", line 1926, in changelist_view
    cl = self.get_changelist_instance(request)
  File "/home/malek/projects/TourGuideDZ/.venv/lib64/python3.13/site-packages/django/contrib/admin/options.py", line 836, in get_changelist_instance
    return ChangeList(
        request,
    ...<12 lines>...
        self.search_help_text,
    )
  File "/home/malek/projects/TourGuideDZ/.venv/lib64/python3.13/site-packages/django/contrib/admin/views/main.py", line 122, in __init__
    self.queryset = self.get_queryset(request)
                    ~~~~~~~~~~~~~~~~~^^^^^^^^^
  File "/home/malek/projects/TourGuideDZ/.venv/lib64/python3.13/site-packages/django/contrib/admin/views/main.py", line 503, in get_queryset
    ) = self.get_filters(request)
        ~~~~~~~~~~~~~~~~^^^^^^^^^
  File "/home/malek/projects/TourGuideDZ/.venv/lib64/python3.13/site-packages/django/contrib/admin/views/main.py", line 180, in get_filters
    field = get_fields_from_path(self.model, field_path)[-1]
            ~~~~~~~~~~~~~~~~~~~~^^^^^^^^^^^^^^^^^^^^^^^^
  File "/home/malek/projects/TourGuideDZ/.venv/lib64/python3.13/site-packages/django/contrib/admin/utils.py", line 517, in get_fields_from_path
    fields.append(parent._meta.get_field(piece))
                  ~~~~~~~~~~~~~~~~~~~~~~^^^^^^^
  File "/home/malek/projects/TourGuideDZ/.venv/lib64/python3.13/site-packages/django/db/models/options.py", line 683, in get_field
    raise FieldDoesNotExist(
        "%s has no field named '%s'" % (self.object_name, field_name)
    )
django.core.exceptions.FieldDoesNotExist: GuideProfile has no field named 'is_verified'
ERROR 2025-11-29 18:28:54,079 log 13379 140160419231424 Internal Server Error: /admin/bookings/booking/
Traceback (most recent call last):
  File "/home/malek/projects/TourGuideDZ/.venv/lib64/python3.13/site-packages/django/db/models/options.py", line 681, in get_field
    return self.fields_map[field_name]
           ~~~~~~~~~~~~~~~^^^^^^^^^^^^
KeyError: 'is_verified'

During handling of the above exception, another exception occurred:

Traceback (most recent call last):
  File "/home/malek/projects/TourGuideDZ/.venv/lib64/python3.13/site-packages/django/core/handlers/exception.py", line 55, in inner
    response = get_response(request)
  File "/home/malek/projects/TourGuideDZ/.venv/lib64/python3.13/site-packages/django/core/handlers/base.py", line 197, in _get_response
    response = wrapped_callback(request, *callback_args, **callback_kwargs)
  File "/home/malek/projects/TourGuideDZ/.venv/lib64/python3.13/site-packages/django/contrib/admin/options.py", line 688, in wrapper
    return self.admin_site.admin_view(view)(*args, **kwargs)
           ~~~~~~~~~~~~~~~~~~~~~~~~~~~~~~~~^^^^^^^^^^^^^^^^^
  File "/home/malek/projects/TourGuideDZ/.venv/lib64/python3.13/site-packages/django/utils/decorators.py", line 134, in _wrapper_view
    response = view_func(request, *args, **kwargs)
  File "/home/malek/projects/TourGuideDZ/.venv/lib64/python3.13/site-packages/django/views/decorators/cache.py", line 62, in _wrapper_view_func
    response = view_func(request, *args, **kwargs)
  File "/home/malek/projects/TourGuideDZ/.venv/lib64/python3.13/site-packages/django/contrib/admin/sites.py", line 242, in inner
    return view(request, *args, **kwargs)
  File "/home/malek/projects/TourGuideDZ/server/bookings/admin.py", line 108, in changelist_view
    return super().changelist_view(request, extra_context)
           ~~~~~~~~~~~~~~~~~~~~~~~^^^^^^^^^^^^^^^^^^^^^^^^
  File "/home/malek/projects/TourGuideDZ/.venv/lib64/python3.13/site-packages/django/utils/decorators.py", line 46, in _wrapper
    return bound_method(*args, **kwargs)
  File "/home/malek/projects/TourGuideDZ/.venv/lib64/python3.13/site-packages/django/utils/decorators.py", line 134, in _wrapper_view
    response = view_func(request, *args, **kwargs)
  File "/home/malek/projects/TourGuideDZ/.venv/lib64/python3.13/site-packages/django/contrib/admin/options.py", line 1926, in changelist_view
    cl = self.get_changelist_instance(request)
  File "/home/malek/projects/TourGuideDZ/.venv/lib64/python3.13/site-packages/django/contrib/admin/options.py", line 836, in get_changelist_instance
    return ChangeList(
        request,
    ...<12 lines>...
        self.search_help_text,
    )
  File "/home/malek/projects/TourGuideDZ/.venv/lib64/python3.13/site-packages/django/contrib/admin/views/main.py", line 122, in __init__
    self.queryset = self.get_queryset(request)
                    ~~~~~~~~~~~~~~~~~^^^^^^^^^
  File "/home/malek/projects/TourGuideDZ/.venv/lib64/python3.13/site-packages/django/contrib/admin/views/main.py", line 503, in get_queryset
    ) = self.get_filters(request)
        ~~~~~~~~~~~~~~~~^^^^^^^^^
  File "/home/malek/projects/TourGuideDZ/.venv/lib64/python3.13/site-packages/django/contrib/admin/views/main.py", line 180, in get_filters
    field = get_fields_from_path(self.model, field_path)[-1]
            ~~~~~~~~~~~~~~~~~~~~^^^^^^^^^^^^^^^^^^^^^^^^
  File "/home/malek/projects/TourGuideDZ/.venv/lib64/python3.13/site-packages/django/contrib/admin/utils.py", line 517, in get_fields_from_path
    fields.append(parent._meta.get_field(piece))
                  ~~~~~~~~~~~~~~~~~~~~~~^^^^^^^
  File "/home/malek/projects/TourGuideDZ/.venv/lib64/python3.13/site-packages/django/db/models/options.py", line 683, in get_field
    raise FieldDoesNotExist(
        "%s has no field named '%s'" % (self.object_name, field_name)
    )
django.core.exceptions.FieldDoesNotExist: GuideProfile has no field named 'is_verified'
ERROR 2025-11-29 18:29:12,650 log 13379 140160419231424 Internal Server Error: /admin/messaging/conversation/
Traceback (most recent call last):
  File "/home/malek/projects/TourGuideDZ/.venv/lib64/python3.13/site-packages/django/db/backends/utils.py", line 89, in _execute
    return self.cursor.execute(sql, params)
           ~~~~~~~~~~~~~~~~~~~^^^^^^^^^^^^^
  File "/home/malek/projects/TourGuideDZ/.venv/lib64/python3.13/site-packages/django/db/backends/sqlite3/base.py", line 328, in execute
    return super().execute(query, params)
           ~~~~~~~~~~~~~~~^^^^^^^^^^^^^^^
sqlite3.OperationalError: no such table: conversations

The above exception was the direct cause of the following exception:

Traceback (most recent call last):
  File "/home/malek/projects/TourGuideDZ/.venv/lib64/python3.13/site-packages/django/core/handlers/exception.py", line 55, in inner
    response = get_response(request)
  File "/home/malek/projects/TourGuideDZ/.venv/lib64/python3.13/site-packages/django/core/handlers/base.py", line 197, in _get_response
    response = wrapped_callback(request, *callback_args, **callback_kwargs)
  File "/home/malek/projects/TourGuideDZ/.venv/lib64/python3.13/site-packages/django/contrib/admin/options.py", line 688, in wrapper
    return self.admin_site.admin_view(view)(*args, **kwargs)
           ~~~~~~~~~~~~~~~~~~~~~~~~~~~~~~~~^^^^^^^^^^^^^^^^^
  File "/home/malek/projects/TourGuideDZ/.venv/lib64/python3.13/site-packages/django/utils/decorators.py", line 134, in _wrapper_view
    response = view_func(request, *args, **kwargs)
  File "/home/malek/projects/TourGuideDZ/.venv/lib64/python3.13/site-packages/django/views/decorators/cache.py", line 62, in _wrapper_view_func
    response = view_func(request, *args, **kwargs)
  File "/home/malek/projects/TourGuideDZ/.venv/lib64/python3.13/site-packages/django/contrib/admin/sites.py", line 242, in inner
    return view(request, *args, **kwargs)
  File "/home/malek/projects/TourGuideDZ/.venv/lib64/python3.13/site-packages/django/utils/decorators.py", line 46, in _wrapper
    return bound_method(*args, **kwargs)
  File "/home/malek/projects/TourGuideDZ/.venv/lib64/python3.13/site-packages/django/utils/decorators.py", line 134, in _wrapper_view
    response = view_func(request, *args, **kwargs)
  File "/home/malek/projects/TourGuideDZ/.venv/lib64/python3.13/site-packages/django/contrib/admin/options.py", line 1926, in changelist_view
    cl = self.get_changelist_instance(request)
  File "/home/malek/projects/TourGuideDZ/.venv/lib64/python3.13/site-packages/django/contrib/admin/options.py", line 836, in get_changelist_instance
    return ChangeList(
        request,
    ...<12 lines>...
        self.search_help_text,
    )
  File "/home/malek/projects/TourGuideDZ/.venv/lib64/python3.13/site-packages/django/contrib/admin/views/main.py", line 123, in __init__
    self.get_results(request)
    ~~~~~~~~~~~~~~~~^^^^^^^^^
  File "/home/malek/projects/TourGuideDZ/.venv/lib64/python3.13/site-packages/django/contrib/admin/views/main.py", line 279, in get_results
    result_count = paginator.count
                   ^^^^^^^^^^^^^^^
  File "/home/malek/projects/TourGuideDZ/.venv/lib64/python3.13/site-packages/django/utils/functional.py", line 57, in __get__
    res = instance.__dict__[self.name] = self.func(instance)
                                         ~~~~~~~~~^^^^^^^^^^
  File "/home/malek/projects/TourGuideDZ/.venv/lib64/python3.13/site-packages/django/core/paginator.py", line 93, in count
    return c()
  File "/home/malek/projects/TourGuideDZ/.venv/lib64/python3.13/site-packages/django/db/models/query.py", line 610, in count
    return self.query.get_count(using=self.db)
           ~~~~~~~~~~~~~~~~~~~~^^^^^^^^^^^^^^^
  File "/home/malek/projects/TourGuideDZ/.venv/lib64/python3.13/site-packages/django/db/models/sql/query.py", line 568, in get_count
    return obj.get_aggregation(using, {"__count": Count("*")})["__count"]
           ~~~~~~~~~~~~~~~~~~~^^^^^^^^^^^^^^^^^^^^^^^^^^^^^^^^
  File "/home/malek/projects/TourGuideDZ/.venv/lib64/python3.13/site-packages/django/db/models/sql/query.py", line 554, in get_aggregation
    result = compiler.execute_sql(SINGLE)
  File "/home/malek/projects/TourGuideDZ/.venv/lib64/python3.13/site-packages/django/db/models/sql/compiler.py", line 1562, in execute_sql
    cursor.execute(sql, params)
    ~~~~~~~~~~~~~~^^^^^^^^^^^^^
  File "/home/malek/projects/TourGuideDZ/.venv/lib64/python3.13/site-packages/django/db/backends/utils.py", line 102, in execute
    return super().execute(sql, params)
           ~~~~~~~~~~~~~~~^^^^^^^^^^^^^
  File "/home/malek/projects/TourGuideDZ/.venv/lib64/python3.13/site-packages/django/db/backends/utils.py", line 67, in execute
    return self._execute_with_wrappers(
           ~~~~~~~~~~~~~~~~~~~~~~~~~~~^
        sql, params, many=False, executor=self._execute
        ^^^^^^^^^^^^^^^^^^^^^^^^^^^^^^^^^^^^^^^^^^^^^^^
    )
    ^
  File "/home/malek/projects/TourGuideDZ/.venv/lib64/python3.13/site-packages/django/db/backends/utils.py", line 80, in _execute_with_wrappers
    return executor(sql, params, many, context)
  File "/home/malek/projects/TourGuideDZ/.venv/lib64/python3.13/site-packages/django/db/backends/utils.py", line 84, in _execute
    with self.db.wrap_database_errors:
         ^^^^^^^^^^^^^^^^^^^^^^^^^^^^
  File "/home/malek/projects/TourGuideDZ/.venv/lib64/python3.13/site-packages/django/db/utils.py", line 91, in __exit__
    raise dj_exc_value.with_traceback(traceback) from exc_value
  File "/home/malek/projects/TourGuideDZ/.venv/lib64/python3.13/site-packages/django/db/backends/utils.py", line 89, in _execute
    return self.cursor.execute(sql, params)
           ~~~~~~~~~~~~~~~~~~~^^^^^^^^^^^^^
  File "/home/malek/projects/TourGuideDZ/.venv/lib64/python3.13/site-packages/django/db/backends/sqlite3/base.py", line 328, in execute
    return super().execute(query, params)
           ~~~~~~~~~~~~~~~^^^^^^^^^^^^^^^
django.db.utils.OperationalError: no such table: conversations
ERROR 2025-11-29 18:29:26,617 log 13379 140160419231424 Internal Server Error: /admin/messaging/customtourrequest/
Traceback (most recent call last):
  File "/home/malek/projects/TourGuideDZ/.venv/lib64/python3.13/site-packages/django/db/backends/utils.py", line 89, in _execute
    return self.cursor.execute(sql, params)
           ~~~~~~~~~~~~~~~~~~~^^^^^^^^^^^^^
  File "/home/malek/projects/TourGuideDZ/.venv/lib64/python3.13/site-packages/django/db/backends/sqlite3/base.py", line 328, in execute
    return super().execute(query, params)
           ~~~~~~~~~~~~~~~^^^^^^^^^^^^^^^
sqlite3.OperationalError: no such table: custom_tour_requests

The above exception was the direct cause of the following exception:

Traceback (most recent call last):
  File "/home/malek/projects/TourGuideDZ/.venv/lib64/python3.13/site-packages/django/core/handlers/exception.py", line 55, in inner
    response = get_response(request)
  File "/home/malek/projects/TourGuideDZ/.venv/lib64/python3.13/site-packages/django/core/handlers/base.py", line 197, in _get_response
    response = wrapped_callback(request, *callback_args, **callback_kwargs)
  File "/home/malek/projects/TourGuideDZ/.venv/lib64/python3.13/site-packages/django/contrib/admin/options.py", line 688, in wrapper
    return self.admin_site.admin_view(view)(*args, **kwargs)
           ~~~~~~~~~~~~~~~~~~~~~~~~~~~~~~~~^^^^^^^^^^^^^^^^^
  File "/home/malek/projects/TourGuideDZ/.venv/lib64/python3.13/site-packages/django/utils/decorators.py", line 134, in _wrapper_view
    response = view_func(request, *args, **kwargs)
  File "/home/malek/projects/TourGuideDZ/.venv/lib64/python3.13/site-packages/django/views/decorators/cache.py", line 62, in _wrapper_view_func
    response = view_func(request, *args, **kwargs)
  File "/home/malek/projects/TourGuideDZ/.venv/lib64/python3.13/site-packages/django/contrib/admin/sites.py", line 242, in inner
    return view(request, *args, **kwargs)
  File "/home/malek/projects/TourGuideDZ/server/messaging/admin.py", line 210, in changelist_view
    total_requests = queryset.count()
  File "/home/malek/projects/TourGuideDZ/.venv/lib64/python3.13/site-packages/django/db/models/query.py", line 610, in count
    return self.query.get_count(using=self.db)
           ~~~~~~~~~~~~~~~~~~~~^^^^^^^^^^^^^^^
  File "/home/malek/projects/TourGuideDZ/.venv/lib64/python3.13/site-packages/django/db/models/sql/query.py", line 568, in get_count
    return obj.get_aggregation(using, {"__count": Count("*")})["__count"]
           ~~~~~~~~~~~~~~~~~~~^^^^^^^^^^^^^^^^^^^^^^^^^^^^^^^^
  File "/home/malek/projects/TourGuideDZ/.venv/lib64/python3.13/site-packages/django/db/models/sql/query.py", line 554, in get_aggregation
    result = compiler.execute_sql(SINGLE)
  File "/home/malek/projects/TourGuideDZ/.venv/lib64/python3.13/site-packages/django/db/models/sql/compiler.py", line 1562, in execute_sql
    cursor.execute(sql, params)
    ~~~~~~~~~~~~~~^^^^^^^^^^^^^
  File "/home/malek/projects/TourGuideDZ/.venv/lib64/python3.13/site-packages/django/db/backends/utils.py", line 102, in execute
    return super().execute(sql, params)
           ~~~~~~~~~~~~~~~^^^^^^^^^^^^^
  File "/home/malek/projects/TourGuideDZ/.venv/lib64/python3.13/site-packages/django/db/backends/utils.py", line 67, in execute
    return self._execute_with_wrappers(
           ~~~~~~~~~~~~~~~~~~~~~~~~~~~^
        sql, params, many=False, executor=self._execute
        ^^^^^^^^^^^^^^^^^^^^^^^^^^^^^^^^^^^^^^^^^^^^^^^
    )
    ^
  File "/home/malek/projects/TourGuideDZ/.venv/lib64/python3.13/site-packages/django/db/backends/utils.py", line 80, in _execute_with_wrappers
    return executor(sql, params, many, context)
  File "/home/malek/projects/TourGuideDZ/.venv/lib64/python3.13/site-packages/django/db/backends/utils.py", line 84, in _execute
    with self.db.wrap_database_errors:
         ^^^^^^^^^^^^^^^^^^^^^^^^^^^^
  File "/home/malek/projects/TourGuideDZ/.venv/lib64/python3.13/site-packages/django/db/utils.py", line 91, in __exit__
    raise dj_exc_value.with_traceback(traceback) from exc_value
  File "/home/malek/projects/TourGuideDZ/.venv/lib64/python3.13/site-packages/django/db/backends/utils.py", line 89, in _execute
    return self.cursor.execute(sql, params)
           ~~~~~~~~~~~~~~~~~~~^^^^^^^^^^^^^
  File "/home/malek/projects/TourGuideDZ/.venv/lib64/python3.13/site-packages/django/db/backends/sqlite3/base.py", line 328, in execute
    return super().execute(query, params)
           ~~~~~~~~~~~~~~~^^^^^^^^^^^^^^^
django.db.utils.OperationalError: no such table: custom_tour_requests
ERROR 2025-11-29 18:29:35,731 log 13379 140160419231424 Internal Server Error: /admin/messaging/conversation/
Traceback (most recent call last):
  File "/home/malek/projects/TourGuideDZ/.venv/lib64/python3.13/site-packages/django/db/backends/utils.py", line 89, in _execute
    return self.cursor.execute(sql, params)
           ~~~~~~~~~~~~~~~~~~~^^^^^^^^^^^^^
  File "/home/malek/projects/TourGuideDZ/.venv/lib64/python3.13/site-packages/django/db/backends/sqlite3/base.py", line 328, in execute
    return super().execute(query, params)
           ~~~~~~~~~~~~~~~^^^^^^^^^^^^^^^
sqlite3.OperationalError: no such table: conversations

The above exception was the direct cause of the following exception:

Traceback (most recent call last):
  File "/home/malek/projects/TourGuideDZ/.venv/lib64/python3.13/site-packages/django/core/handlers/exception.py", line 55, in inner
    response = get_response(request)
  File "/home/malek/projects/TourGuideDZ/.venv/lib64/python3.13/site-packages/django/core/handlers/base.py", line 197, in _get_response
    response = wrapped_callback(request, *callback_args, **callback_kwargs)
  File "/home/malek/projects/TourGuideDZ/.venv/lib64/python3.13/site-packages/django/contrib/admin/options.py", line 688, in wrapper
    return self.admin_site.admin_view(view)(*args, **kwargs)
           ~~~~~~~~~~~~~~~~~~~~~~~~~~~~~~~~^^^^^^^^^^^^^^^^^
  File "/home/malek/projects/TourGuideDZ/.venv/lib64/python3.13/site-packages/django/utils/decorators.py", line 134, in _wrapper_view
    response = view_func(request, *args, **kwargs)
  File "/home/malek/projects/TourGuideDZ/.venv/lib64/python3.13/site-packages/django/views/decorators/cache.py", line 62, in _wrapper_view_func
    response = view_func(request, *args, **kwargs)
  File "/home/malek/projects/TourGuideDZ/.venv/lib64/python3.13/site-packages/django/contrib/admin/sites.py", line 242, in inner
    return view(request, *args, **kwargs)
  File "/home/malek/projects/TourGuideDZ/.venv/lib64/python3.13/site-packages/django/utils/decorators.py", line 46, in _wrapper
    return bound_method(*args, **kwargs)
  File "/home/malek/projects/TourGuideDZ/.venv/lib64/python3.13/site-packages/django/utils/decorators.py", line 134, in _wrapper_view
    response = view_func(request, *args, **kwargs)
  File "/home/malek/projects/TourGuideDZ/.venv/lib64/python3.13/site-packages/django/contrib/admin/options.py", line 1926, in changelist_view
    cl = self.get_changelist_instance(request)
  File "/home/malek/projects/TourGuideDZ/.venv/lib64/python3.13/site-packages/django/contrib/admin/options.py", line 836, in get_changelist_instance
    return ChangeList(
        request,
    ...<12 lines>...
        self.search_help_text,
    )
  File "/home/malek/projects/TourGuideDZ/.venv/lib64/python3.13/site-packages/django/contrib/admin/views/main.py", line 123, in __init__
    self.get_results(request)
    ~~~~~~~~~~~~~~~~^^^^^^^^^
  File "/home/malek/projects/TourGuideDZ/.venv/lib64/python3.13/site-packages/django/contrib/admin/views/main.py", line 279, in get_results
    result_count = paginator.count
                   ^^^^^^^^^^^^^^^
  File "/home/malek/projects/TourGuideDZ/.venv/lib64/python3.13/site-packages/django/utils/functional.py", line 57, in __get__
    res = instance.__dict__[self.name] = self.func(instance)
                                         ~~~~~~~~~^^^^^^^^^^
  File "/home/malek/projects/TourGuideDZ/.venv/lib64/python3.13/site-packages/django/core/paginator.py", line 93, in count
    return c()
  File "/home/malek/projects/TourGuideDZ/.venv/lib64/python3.13/site-packages/django/db/models/query.py", line 610, in count
    return self.query.get_count(using=self.db)
           ~~~~~~~~~~~~~~~~~~~~^^^^^^^^^^^^^^^
  File "/home/malek/projects/TourGuideDZ/.venv/lib64/python3.13/site-packages/django/db/models/sql/query.py", line 568, in get_count
    return obj.get_aggregation(using, {"__count": Count("*")})["__count"]
           ~~~~~~~~~~~~~~~~~~~^^^^^^^^^^^^^^^^^^^^^^^^^^^^^^^^
  File "/home/malek/projects/TourGuideDZ/.venv/lib64/python3.13/site-packages/django/db/models/sql/query.py", line 554, in get_aggregation
    result = compiler.execute_sql(SINGLE)
  File "/home/malek/projects/TourGuideDZ/.venv/lib64/python3.13/site-packages/django/db/models/sql/compiler.py", line 1562, in execute_sql
    cursor.execute(sql, params)
    ~~~~~~~~~~~~~~^^^^^^^^^^^^^
  File "/home/malek/projects/TourGuideDZ/.venv/lib64/python3.13/site-packages/django/db/backends/utils.py", line 102, in execute
    return super().execute(sql, params)
           ~~~~~~~~~~~~~~~^^^^^^^^^^^^^
  File "/home/malek/projects/TourGuideDZ/.venv/lib64/python3.13/site-packages/django/db/backends/utils.py", line 67, in execute
    return self._execute_with_wrappers(
           ~~~~~~~~~~~~~~~~~~~~~~~~~~~^
        sql, params, many=False, executor=self._execute
        ^^^^^^^^^^^^^^^^^^^^^^^^^^^^^^^^^^^^^^^^^^^^^^^
    )
    ^
  File "/home/malek/projects/TourGuideDZ/.venv/lib64/python3.13/site-packages/django/db/backends/utils.py", line 80, in _execute_with_wrappers
    return executor(sql, params, many, context)
  File "/home/malek/projects/TourGuideDZ/.venv/lib64/python3.13/site-packages/django/db/backends/utils.py", line 84, in _execute
    with self.db.wrap_database_errors:
         ^^^^^^^^^^^^^^^^^^^^^^^^^^^^
  File "/home/malek/projects/TourGuideDZ/.venv/lib64/python3.13/site-packages/django/db/utils.py", line 91, in __exit__
    raise dj_exc_value.with_traceback(traceback) from exc_value
  File "/home/malek/projects/TourGuideDZ/.venv/lib64/python3.13/site-packages/django/db/backends/utils.py", line 89, in _execute
    return self.cursor.execute(sql, params)
           ~~~~~~~~~~~~~~~~~~~^^^^^^^^^^^^^
  File "/home/malek/projects/TourGuideDZ/.venv/lib64/python3.13/site-packages/django/db/backends/sqlite3/base.py", line 328, in execute
    return super().execute(query, params)
           ~~~~~~~~~~~~~~~^^^^^^^^^^^^^^^
django.db.utils.OperationalError: no such table: conversations
ERROR 2025-11-29 18:29:48,541 log 13379 140160419231424 Internal Server Error: /admin/messaging/customtourrequest/
Traceback (most recent call last):
  File "/home/malek/projects/TourGuideDZ/.venv/lib64/python3.13/site-packages/django/db/backends/utils.py", line 89, in _execute
    return self.cursor.execute(sql, params)
           ~~~~~~~~~~~~~~~~~~~^^^^^^^^^^^^^
  File "/home/malek/projects/TourGuideDZ/.venv/lib64/python3.13/site-packages/django/db/backends/sqlite3/base.py", line 328, in execute
    return super().execute(query, params)
           ~~~~~~~~~~~~~~~^^^^^^^^^^^^^^^
sqlite3.OperationalError: no such table: custom_tour_requests

The above exception was the direct cause of the following exception:

Traceback (most recent call last):
  File "/home/malek/projects/TourGuideDZ/.venv/lib64/python3.13/site-packages/django/core/handlers/exception.py", line 55, in inner
    response = get_response(request)
  File "/home/malek/projects/TourGuideDZ/.venv/lib64/python3.13/site-packages/django/core/handlers/base.py", line 197, in _get_response
    response = wrapped_callback(request, *callback_args, **callback_kwargs)
  File "/home/malek/projects/TourGuideDZ/.venv/lib64/python3.13/site-packages/django/contrib/admin/options.py", line 688, in wrapper
    return self.admin_site.admin_view(view)(*args, **kwargs)
           ~~~~~~~~~~~~~~~~~~~~~~~~~~~~~~~~^^^^^^^^^^^^^^^^^
  File "/home/malek/projects/TourGuideDZ/.venv/lib64/python3.13/site-packages/django/utils/decorators.py", line 134, in _wrapper_view
    response = view_func(request, *args, **kwargs)
  File "/home/malek/projects/TourGuideDZ/.venv/lib64/python3.13/site-packages/django/views/decorators/cache.py", line 62, in _wrapper_view_func
    response = view_func(request, *args, **kwargs)
  File "/home/malek/projects/TourGuideDZ/.venv/lib64/python3.13/site-packages/django/contrib/admin/sites.py", line 242, in inner
    return view(request, *args, **kwargs)
  File "/home/malek/projects/TourGuideDZ/server/messaging/admin.py", line 210, in changelist_view
    total_requests = queryset.count()
  File "/home/malek/projects/TourGuideDZ/.venv/lib64/python3.13/site-packages/django/db/models/query.py", line 610, in count
    return self.query.get_count(using=self.db)
           ~~~~~~~~~~~~~~~~~~~~^^^^^^^^^^^^^^^
  File "/home/malek/projects/TourGuideDZ/.venv/lib64/python3.13/site-packages/django/db/models/sql/query.py", line 568, in get_count
    return obj.get_aggregation(using, {"__count": Count("*")})["__count"]
           ~~~~~~~~~~~~~~~~~~~^^^^^^^^^^^^^^^^^^^^^^^^^^^^^^^^
  File "/home/malek/projects/TourGuideDZ/.venv/lib64/python3.13/site-packages/django/db/models/sql/query.py", line 554, in get_aggregation
    result = compiler.execute_sql(SINGLE)
  File "/home/malek/projects/TourGuideDZ/.venv/lib64/python3.13/site-packages/django/db/models/sql/compiler.py", line 1562, in execute_sql
    cursor.execute(sql, params)
    ~~~~~~~~~~~~~~^^^^^^^^^^^^^
  File "/home/malek/projects/TourGuideDZ/.venv/lib64/python3.13/site-packages/django/db/backends/utils.py", line 102, in execute
    return super().execute(sql, params)
           ~~~~~~~~~~~~~~~^^^^^^^^^^^^^
  File "/home/malek/projects/TourGuideDZ/.venv/lib64/python3.13/site-packages/django/db/backends/utils.py", line 67, in execute
    return self._execute_with_wrappers(
           ~~~~~~~~~~~~~~~~~~~~~~~~~~~^
        sql, params, many=False, executor=self._execute
        ^^^^^^^^^^^^^^^^^^^^^^^^^^^^^^^^^^^^^^^^^^^^^^^
    )
    ^
  File "/home/malek/projects/TourGuideDZ/.venv/lib64/python3.13/site-packages/django/db/backends/utils.py", line 80, in _execute_with_wrappers
    return executor(sql, params, many, context)
  File "/home/malek/projects/TourGuideDZ/.venv/lib64/python3.13/site-packages/django/db/backends/utils.py", line 84, in _execute
    with self.db.wrap_database_errors:
         ^^^^^^^^^^^^^^^^^^^^^^^^^^^^
  File "/home/malek/projects/TourGuideDZ/.venv/lib64/python3.13/site-packages/django/db/utils.py", line 91, in __exit__
    raise dj_exc_value.with_traceback(traceback) from exc_value
  File "/home/malek/projects/TourGuideDZ/.venv/lib64/python3.13/site-packages/django/db/backends/utils.py", line 89, in _execute
    return self.cursor.execute(sql, params)
           ~~~~~~~~~~~~~~~~~~~^^^^^^^^^^^^^
  File "/home/malek/projects/TourGuideDZ/.venv/lib64/python3.13/site-packages/django/db/backends/sqlite3/base.py", line 328, in execute
    return super().execute(query, params)
           ~~~~~~~~~~~~~~~^^^^^^^^^^^^^^^
django.db.utils.OperationalError: no such table: custom_tour_requests
ERROR 2025-11-29 18:30:15,324 log 13379 140160419231424 Internal Server Error: /admin/messaging/message/
Traceback (most recent call last):
  File "/home/malek/projects/TourGuideDZ/.venv/lib64/python3.13/site-packages/django/db/backends/utils.py", line 89, in _execute
    return self.cursor.execute(sql, params)
           ~~~~~~~~~~~~~~~~~~~^^^^^^^^^^^^^
  File "/home/malek/projects/TourGuideDZ/.venv/lib64/python3.13/site-packages/django/db/backends/sqlite3/base.py", line 328, in execute
    return super().execute(query, params)
           ~~~~~~~~~~~~~~~^^^^^^^^^^^^^^^
sqlite3.OperationalError: no such table: messages

The above exception was the direct cause of the following exception:

Traceback (most recent call last):
  File "/home/malek/projects/TourGuideDZ/.venv/lib64/python3.13/site-packages/django/core/handlers/exception.py", line 55, in inner
    response = get_response(request)
  File "/home/malek/projects/TourGuideDZ/.venv/lib64/python3.13/site-packages/django/core/handlers/base.py", line 197, in _get_response
    response = wrapped_callback(request, *callback_args, **callback_kwargs)
  File "/home/malek/projects/TourGuideDZ/.venv/lib64/python3.13/site-packages/django/contrib/admin/options.py", line 688, in wrapper
    return self.admin_site.admin_view(view)(*args, **kwargs)
           ~~~~~~~~~~~~~~~~~~~~~~~~~~~~~~~~^^^^^^^^^^^^^^^^^
  File "/home/malek/projects/TourGuideDZ/.venv/lib64/python3.13/site-packages/django/utils/decorators.py", line 134, in _wrapper_view
    response = view_func(request, *args, **kwargs)
  File "/home/malek/projects/TourGuideDZ/.venv/lib64/python3.13/site-packages/django/views/decorators/cache.py", line 62, in _wrapper_view_func
    response = view_func(request, *args, **kwargs)
  File "/home/malek/projects/TourGuideDZ/.venv/lib64/python3.13/site-packages/django/contrib/admin/sites.py", line 242, in inner
    return view(request, *args, **kwargs)
  File "/home/malek/projects/TourGuideDZ/.venv/lib64/python3.13/site-packages/django/utils/decorators.py", line 46, in _wrapper
    return bound_method(*args, **kwargs)
  File "/home/malek/projects/TourGuideDZ/.venv/lib64/python3.13/site-packages/django/utils/decorators.py", line 134, in _wrapper_view
    response = view_func(request, *args, **kwargs)
  File "/home/malek/projects/TourGuideDZ/.venv/lib64/python3.13/site-packages/django/contrib/admin/options.py", line 1926, in changelist_view
    cl = self.get_changelist_instance(request)
  File "/home/malek/projects/TourGuideDZ/.venv/lib64/python3.13/site-packages/django/contrib/admin/options.py", line 836, in get_changelist_instance
    return ChangeList(
        request,
    ...<12 lines>...
        self.search_help_text,
    )
  File "/home/malek/projects/TourGuideDZ/.venv/lib64/python3.13/site-packages/django/contrib/admin/views/main.py", line 123, in __init__
    self.get_results(request)
    ~~~~~~~~~~~~~~~~^^^^^^^^^
  File "/home/malek/projects/TourGuideDZ/.venv/lib64/python3.13/site-packages/django/contrib/admin/views/main.py", line 279, in get_results
    result_count = paginator.count
                   ^^^^^^^^^^^^^^^
  File "/home/malek/projects/TourGuideDZ/.venv/lib64/python3.13/site-packages/django/utils/functional.py", line 57, in __get__
    res = instance.__dict__[self.name] = self.func(instance)
                                         ~~~~~~~~~^^^^^^^^^^
  File "/home/malek/projects/TourGuideDZ/.venv/lib64/python3.13/site-packages/django/core/paginator.py", line 93, in count
    return c()
  File "/home/malek/projects/TourGuideDZ/.venv/lib64/python3.13/site-packages/django/db/models/query.py", line 610, in count
    return self.query.get_count(using=self.db)
           ~~~~~~~~~~~~~~~~~~~~^^^^^^^^^^^^^^^
  File "/home/malek/projects/TourGuideDZ/.venv/lib64/python3.13/site-packages/django/db/models/sql/query.py", line 568, in get_count
    return obj.get_aggregation(using, {"__count": Count("*")})["__count"]
           ~~~~~~~~~~~~~~~~~~~^^^^^^^^^^^^^^^^^^^^^^^^^^^^^^^^
  File "/home/malek/projects/TourGuideDZ/.venv/lib64/python3.13/site-packages/django/db/models/sql/query.py", line 554, in get_aggregation
    result = compiler.execute_sql(SINGLE)
  File "/home/malek/projects/TourGuideDZ/.venv/lib64/python3.13/site-packages/django/db/models/sql/compiler.py", line 1562, in execute_sql
    cursor.execute(sql, params)
    ~~~~~~~~~~~~~~^^^^^^^^^^^^^
  File "/home/malek/projects/TourGuideDZ/.venv/lib64/python3.13/site-packages/django/db/backends/utils.py", line 102, in execute
    return super().execute(sql, params)
           ~~~~~~~~~~~~~~~^^^^^^^^^^^^^
  File "/home/malek/projects/TourGuideDZ/.venv/lib64/python3.13/site-packages/django/db/backends/utils.py", line 67, in execute
    return self._execute_with_wrappers(
           ~~~~~~~~~~~~~~~~~~~~~~~~~~~^
        sql, params, many=False, executor=self._execute
        ^^^^^^^^^^^^^^^^^^^^^^^^^^^^^^^^^^^^^^^^^^^^^^^
    )
    ^
  File "/home/malek/projects/TourGuideDZ/.venv/lib64/python3.13/site-packages/django/db/backends/utils.py", line 80, in _execute_with_wrappers
    return executor(sql, params, many, context)
  File "/home/malek/projects/TourGuideDZ/.venv/lib64/python3.13/site-packages/django/db/backends/utils.py", line 84, in _execute
    with self.db.wrap_database_errors:
         ^^^^^^^^^^^^^^^^^^^^^^^^^^^^
  File "/home/malek/projects/TourGuideDZ/.venv/lib64/python3.13/site-packages/django/db/utils.py", line 91, in __exit__
    raise dj_exc_value.with_traceback(traceback) from exc_value
  File "/home/malek/projects/TourGuideDZ/.venv/lib64/python3.13/site-packages/django/db/backends/utils.py", line 89, in _execute
    return self.cursor.execute(sql, params)
           ~~~~~~~~~~~~~~~~~~~^^^^^^^^^^^^^
  File "/home/malek/projects/TourGuideDZ/.venv/lib64/python3.13/site-packages/django/db/backends/sqlite3/base.py", line 328, in execute
    return super().execute(query, params)
           ~~~~~~~~~~~~~~~^^^^^^^^^^^^^^^
django.db.utils.OperationalError: no such table: messages
INFO 2025-11-29 18:31:59,632 autoreload 13379 140160839384832 /home/malek/projects/TourGuideDZ/server/bookings/admin.py changed, reloading.
INFO 2025-11-29 18:32:00,305 autoreload 14201 139904438669056 Watching for file changes with StatReloader
INFO 2025-11-29 18:32:15,939 autoreload 14201 139904438669056 /home/malek/projects/TourGuideDZ/server/bookings/admin.py changed, reloading.
INFO 2025-11-29 18:32:16,577 autoreload 14242 140569284058880 Watching for file changes with StatReloader
INFO 2025-11-29 18:39:38,615 autoreload 14242 140569284058880 /home/malek/projects/TourGuideDZ/server/accounts/admin.py changed, reloading.
INFO 2025-11-29 18:39:39,120 autoreload 14834 140151852592896 Watching for file changes with StatReloader
WARNING 2025-11-29 18:40:46,316 log 14834 140151438173888 Not Found: /favicon.ico
INFO 2025-11-29 19:09:04,870 autoreload 16364 139687277178624 Watching for file changes with StatReloader
WARNING 2025-11-29 19:12:14,931 log 16364 139686852941504 Not Found: /favicon.ico
ERROR 2025-11-29 19:26:55,206 log 16364 139686594979520 Internal Server Error: /admin/accounts/user/
Traceback (most recent call last):
  File "/home/malek/projects/TourGuideDZ/.venv/lib64/python3.13/site-packages/django/contrib/sessions/backends/base.py", line 187, in _get_session
    return self._session_cache
           ^^^^^^^^^^^^^^^^^^^
AttributeError: 'SessionStore' object has no attribute '_session_cache'

During handling of the above exception, another exception occurred:

Traceback (most recent call last):
  File "/home/malek/projects/TourGuideDZ/.venv/lib64/python3.13/site-packages/django/db/backends/utils.py", line 89, in _execute
    return self.cursor.execute(sql, params)
           ~~~~~~~~~~~~~~~~~~~^^^^^^^^^^^^^
  File "/home/malek/projects/TourGuideDZ/.venv/lib64/python3.13/site-packages/django/db/backends/sqlite3/base.py", line 328, in execute
    return super().execute(query, params)
           ~~~~~~~~~~~~~~~^^^^^^^^^^^^^^^
sqlite3.OperationalError: no such table: django_session

The above exception was the direct cause of the following exception:

Traceback (most recent call last):
  File "/home/malek/projects/TourGuideDZ/.venv/lib64/python3.13/site-packages/django/core/handlers/exception.py", line 55, in inner
    response = get_response(request)
  File "/home/malek/projects/TourGuideDZ/.venv/lib64/python3.13/site-packages/django/core/handlers/base.py", line 197, in _get_response
    response = wrapped_callback(request, *callback_args, **callback_kwargs)
  File "/home/malek/projects/TourGuideDZ/.venv/lib64/python3.13/site-packages/django/contrib/admin/options.py", line 688, in wrapper
    return self.admin_site.admin_view(view)(*args, **kwargs)
           ~~~~~~~~~~~~~~~~~~~~~~~~~~~~~~~~^^^^^^^^^^^^^^^^^
  File "/home/malek/projects/TourGuideDZ/.venv/lib64/python3.13/site-packages/django/utils/decorators.py", line 134, in _wrapper_view
    response = view_func(request, *args, **kwargs)
  File "/home/malek/projects/TourGuideDZ/.venv/lib64/python3.13/site-packages/django/views/decorators/cache.py", line 62, in _wrapper_view_func
    response = view_func(request, *args, **kwargs)
  File "/home/malek/projects/TourGuideDZ/.venv/lib64/python3.13/site-packages/django/contrib/admin/sites.py", line 230, in inner
    if not self.has_permission(request):
           ~~~~~~~~~~~~~~~~~~~^^^^^^^^^
  File "/home/malek/projects/TourGuideDZ/.venv/lib64/python3.13/site-packages/django/contrib/admin/sites.py", line 203, in has_permission
    return request.user.is_active and request.user.is_staff
           ^^^^^^^^^^^^^^^^^^^^^^
  File "/home/malek/projects/TourGuideDZ/.venv/lib64/python3.13/site-packages/django/utils/functional.py", line 266, in inner
    self._setup()
    ~~~~~~~~~~~^^
  File "/home/malek/projects/TourGuideDZ/.venv/lib64/python3.13/site-packages/django/utils/functional.py", line 419, in _setup
    self._wrapped = self._setupfunc()
                    ~~~~~~~~~~~~~~~^^
  File "/home/malek/projects/TourGuideDZ/.venv/lib64/python3.13/site-packages/django/contrib/auth/middleware.py", line 25, in <lambda>
    request.user = SimpleLazyObject(lambda: get_user(request))
                                            ~~~~~~~~^^^^^^^^^
  File "/home/malek/projects/TourGuideDZ/.venv/lib64/python3.13/site-packages/django/contrib/auth/middleware.py", line 11, in get_user
    request._cached_user = auth.get_user(request)
                           ~~~~~~~~~~~~~^^^^^^^^^
  File "/home/malek/projects/TourGuideDZ/.venv/lib64/python3.13/site-packages/django/contrib/auth/__init__.py", line 191, in get_user
    user_id = _get_user_session_key(request)
  File "/home/malek/projects/TourGuideDZ/.venv/lib64/python3.13/site-packages/django/contrib/auth/__init__.py", line 60, in _get_user_session_key
    return get_user_model()._meta.pk.to_python(request.session[SESSION_KEY])
                                               ~~~~~~~~~~~~~~~^^^^^^^^^^^^^
  File "/home/malek/projects/TourGuideDZ/.venv/lib64/python3.13/site-packages/django/contrib/sessions/backends/base.py", line 53, in __getitem__
    return self._session[key]
           ^^^^^^^^^^^^^
  File "/home/malek/projects/TourGuideDZ/.venv/lib64/python3.13/site-packages/django/contrib/sessions/backends/base.py", line 192, in _get_session
    self._session_cache = self.load()
                          ~~~~~~~~~^^
  File "/home/malek/projects/TourGuideDZ/.venv/lib64/python3.13/site-packages/django/contrib/sessions/backends/db.py", line 42, in load
    s = self._get_session_from_db()
  File "/home/malek/projects/TourGuideDZ/.venv/lib64/python3.13/site-packages/django/contrib/sessions/backends/db.py", line 32, in _get_session_from_db
    return self.model.objects.get(
           ~~~~~~~~~~~~~~~~~~~~~~^
        session_key=self.session_key, expire_date__gt=timezone.now()
        ^^^^^^^^^^^^^^^^^^^^^^^^^^^^^^^^^^^^^^^^^^^^^^^^^^^^^^^^^^^^
    )
    ^
  File "/home/malek/projects/TourGuideDZ/.venv/lib64/python3.13/site-packages/django/db/models/manager.py", line 87, in manager_method
    return getattr(self.get_queryset(), name)(*args, **kwargs)
           ~~~~~~~~~~~~~~~~~~~~~~~~~~~~~~~~~~^^^^^^^^^^^^^^^^^
  File "/home/malek/projects/TourGuideDZ/.venv/lib64/python3.13/site-packages/django/db/models/query.py", line 635, in get
    num = len(clone)
  File "/home/malek/projects/TourGuideDZ/.venv/lib64/python3.13/site-packages/django/db/models/query.py", line 382, in __len__
    self._fetch_all()
    ~~~~~~~~~~~~~~~^^
  File "/home/malek/projects/TourGuideDZ/.venv/lib64/python3.13/site-packages/django/db/models/query.py", line 1886, in _fetch_all
    self._result_cache = list(self._iterable_class(self))
                         ~~~~^^^^^^^^^^^^^^^^^^^^^^^^^^^^
  File "/home/malek/projects/TourGuideDZ/.venv/lib64/python3.13/site-packages/django/db/models/query.py", line 93, in __iter__
    results = compiler.execute_sql(
        chunked_fetch=self.chunked_fetch, chunk_size=self.chunk_size
    )
  File "/home/malek/projects/TourGuideDZ/.venv/lib64/python3.13/site-packages/django/db/models/sql/compiler.py", line 1562, in execute_sql
    cursor.execute(sql, params)
    ~~~~~~~~~~~~~~^^^^^^^^^^^^^
  File "/home/malek/projects/TourGuideDZ/.venv/lib64/python3.13/site-packages/django/db/backends/utils.py", line 102, in execute
    return super().execute(sql, params)
           ~~~~~~~~~~~~~~~^^^^^^^^^^^^^
  File "/home/malek/projects/TourGuideDZ/.venv/lib64/python3.13/site-packages/django/db/backends/utils.py", line 67, in execute
    return self._execute_with_wrappers(
           ~~~~~~~~~~~~~~~~~~~~~~~~~~~^
        sql, params, many=False, executor=self._execute
        ^^^^^^^^^^^^^^^^^^^^^^^^^^^^^^^^^^^^^^^^^^^^^^^
    )
    ^
  File "/home/malek/projects/TourGuideDZ/.venv/lib64/python3.13/site-packages/django/db/backends/utils.py", line 80, in _execute_with_wrappers
    return executor(sql, params, many, context)
  File "/home/malek/projects/TourGuideDZ/.venv/lib64/python3.13/site-packages/django/db/backends/utils.py", line 84, in _execute
    with self.db.wrap_database_errors:
         ^^^^^^^^^^^^^^^^^^^^^^^^^^^^
  File "/home/malek/projects/TourGuideDZ/.venv/lib64/python3.13/site-packages/django/db/utils.py", line 91, in __exit__
    raise dj_exc_value.with_traceback(traceback) from exc_value
  File "/home/malek/projects/TourGuideDZ/.venv/lib64/python3.13/site-packages/django/db/backends/utils.py", line 89, in _execute
    return self.cursor.execute(sql, params)
           ~~~~~~~~~~~~~~~~~~~^^^^^^^^^^^^^
  File "/home/malek/projects/TourGuideDZ/.venv/lib64/python3.13/site-packages/django/db/backends/sqlite3/base.py", line 328, in execute
    return super().execute(query, params)
           ~~~~~~~~~~~~~~~^^^^^^^^^^^^^^^
django.db.utils.OperationalError: no such table: django_session
WARNING 2025-11-29 19:27:24,246 log 16364 139686620157632 Not Found: /favicon.ico
WARNING 2025-11-29 19:34:41,473 log 16364 139686620157632 Not Found: /favicon.ico
WARNING 2025-11-29 19:34:47,995 log 16364 139686620157632 Not Found: /favicon.ico
WARNING 2025-11-29 19:34:50,738 log 16364 139686026671808 Not Found: /favicon.ico
